# JRE version: Java(TM) SE Runtime Environment (8.0_411) (build 1.8.0_411-b09)
# Java VM: Java HotSpot(TM) 64-Bit Server VM (25.411-b09 mixed mode windows-amd64 compressed oops)
Heap:
 PSYoungGen      total 650240K, used 393181K [0x00000000d5580000, 0x0000000100000000, 0x0000000100000000)
  eden space 642560K, 61% used [0x00000000d5580000,0x00000000ed577680,0x00000000fc900000)
  from space 7680K, 0% used [0x00000000ff880000,0x00000000ff880000,0x0000000100000000)
  to   space 28160K, 0% used [0x00000000fc900000,0x00000000fc900000,0x00000000fe480000)
 ParOldGen       total 183296K, used 72111K [0x0000000080000000, 0x000000008b300000, 0x00000000d5580000)
  object space 183296K, 39% used [0x0000000080000000,0x000000008466be98,0x000000008b300000)
 Metaspace       used 104060K, capacity 107792K, committed 108184K, reserved 610304K
  class space    used 13503K, capacity 14224K, committed 14248K, reserved 516096K
GC Heap History (10 events):
Event: 65.019 GC heap before
{Heap before GC invocations=34 (full 2):
 PSYoungGen      total 691200K, used 687826K [0x00000000d5580000, 0x00000000fff00000, 0x0000000100000000)
  eden space 684032K, 100% used [0x00000000d5580000,0x00000000ff180000,0x00000000ff180000)
  from space 7168K, 52% used [0x00000000ff180000,0x00000000ff534970,0x00000000ff880000)
  to   space 6656K, 0% used [0x00000000ff880000,0x00000000ff880000,0x00000000fff00000)
 ParOldGen       total 69120K, used 62871K [0x0000000080000000, 0x0000000084380000, 0x00000000d5580000)
  object space 69120K, 90% used [0x0000000080000000,0x0000000083d65f68,0x0000000084380000)
 Metaspace       used 49083K, capacity 52080K, committed 52392K, reserved 561152K
  class space    used 6714K, capacity 7267K, committed 7336K, reserved 516096K
Event: 65.083 GC heap after
Heap after GC invocations=34 (full 2):
 PSYoungGen      total 691200K, used 4029K [0x00000000d5580000, 0x00000000fff80000, 0x0000000100000000)
  eden space 684544K, 0% used [0x00000000d5580000,0x00000000d5580000,0x00000000ff200000)
  from space 6656K, 60% used [0x00000000ff880000,0x00000000ffc6f468,0x00000000fff00000)
  to   space 6656K, 0% used [0x00000000ff200000,0x00000000ff200000,0x00000000ff880000)
 ParOldGen       total 69120K, used 66511K [0x0000000080000000, 0x0000000084380000, 0x00000000d5580000)
  object space 69120K, 96% used [0x0000000080000000,0x00000000840f3f68,0x0000000084380000)
 Metaspace       used 49083K, capacity 52080K, committed 52392K, reserved 561152K
  class space    used 6714K, capacity 7267K, committed 7336K, reserved 516096K
}
Event: 65.083 GC heap before
{Heap before GC invocations=35 (full 3):
 PSYoungGen      total 691200K, used 4029K [0x00000000d5580000, 0x00000000fff80000, 0x0000000100000000)
  eden space 684544K, 0% used [0x00000000d5580000,0x00000000d5580000,0x00000000ff200000)
  from space 6656K, 60% used [0x00000000ff880000,0x00000000ffc6f468,0x00000000fff00000)
  to   space 6656K, 0% used [0x00000000ff200000,0x00000000ff200000,0x00000000ff880000)
 ParOldGen       total 69120K, used 66511K [0x0000000080000000, 0x0000000084380000, 0x00000000d5580000)
  object space 69120K, 96% used [0x0000000080000000,0x00000000840f3f68,0x0000000084380000)
 Metaspace       used 49083K, capacity 52080K, committed 52392K, reserved 561152K
  class space    used 6714K, capacity 7267K, committed 7336K, reserved 516096K
Event: 65.564 GC heap after
Heap after GC invocations=35 (full 3):
 PSYoungGen      total 691200K, used 0K [0x00000000d5580000, 0x00000000fff80000, 0x0000000100000000)
  eden space 684544K, 0% used [0x00000000d5580000,0x00000000d5580000,0x00000000ff200000)
  from space 6656K, 0% used [0x00000000ff880000,0x00000000ff880000,0x00000000fff00000)
  to   space 6656K, 0% used [0x00000000ff200000,0x00000000ff200000,0x00000000ff880000)
 ParOldGen       total 98304K, used 28961K [0x0000000080000000, 0x0000000086000000, 0x00000000d5580000)
  object space 98304K, 29% used [0x0000000080000000,0x0000000081c486d8,0x0000000086000000)
 Metaspace       used 48908K, capacity 51896K, committed 52392K, reserved 561152K
  class space    used 6675K, capacity 7223K, committed 7336K, reserved 516096K
}
Event: 77.206 GC heap before
{Heap before GC invocations=36 (full 3):
 PSYoungGen      total 691200K, used 684544K [0x00000000d5580000, 0x00000000fff80000, 0x0000000100000000)
  eden space 684544K, 100% used [0x00000000d5580000,0x00000000ff200000,0x00000000ff200000)
  from space 6656K, 0% used [0x00000000ff880000,0x00000000ff880000,0x00000000fff00000)
  to   space 6656K, 0% used [0x00000000ff200000,0x00000000ff200000,0x00000000ff880000)
 ParOldGen       total 98304K, used 28961K [0x0000000080000000, 0x0000000086000000, 0x00000000d5580000)
  object space 98304K, 29% used [0x0000000080000000,0x0000000081c486d8,0x0000000086000000)
 Metaspace       used 69590K, capacity 72972K, committed 73256K, reserved 579584K
  class space    used 9751K, capacity 10419K, committed 10536K, reserved 516096K
Event: 77.398 GC heap after
Heap after GC invocations=36 (full 3):
 PSYoungGen      total 691200K, used 6628K [0x00000000d5580000, 0x0000000100000000, 0x0000000100000000)
  eden space 684544K, 0% used [0x00000000d5580000,0x00000000d5580000,0x00000000ff200000)
  from space 6656K, 99% used [0x00000000ff200000,0x00000000ff879290,0x00000000ff880000)
  to   space 7680K, 0% used [0x00000000ff880000,0x00000000ff880000,0x0000000100000000)
 ParOldGen       total 98304K, used 65813K [0x0000000080000000, 0x0000000086000000, 0x00000000d5580000)
  object space 98304K, 66% used [0x0000000080000000,0x0000000084045500,0x0000000086000000)
 Metaspace       used 69590K, capacity 72972K, committed 73256K, reserved 579584K
  class space    used 9751K, capacity 10419K, committed 10536K, reserved 516096K
}
Event: 80.650 GC heap before
{Heap before GC invocations=37 (full 3):
 PSYoungGen      total 691200K, used 279891K [0x00000000d5580000, 0x0000000100000000, 0x0000000100000000)
  eden space 684544K, 39% used [0x00000000d5580000,0x00000000e605baf0,0x00000000ff200000)
  from space 6656K, 99% used [0x00000000ff200000,0x00000000ff879290,0x00000000ff880000)
  to   space 7680K, 0% used [0x00000000ff880000,0x00000000ff880000,0x0000000100000000)
 ParOldGen       total 98304K, used 65813K [0x0000000080000000, 0x0000000086000000, 0x00000000d5580000)
  object space 98304K, 66% used [0x0000000080000000,0x0000000084045500,0x0000000086000000)
 Metaspace       used 83458K, capacity 87014K, committed 87320K, reserved 591872K
  class space    used 11278K, capacity 11992K, committed 12072K, reserved 516096K
Event: 80.696 GC heap after
Heap after GC invocations=37 (full 3):
 PSYoungGen      total 650240K, used 7668K [0x00000000d5580000, 0x0000000100000000, 0x0000000100000000)
  eden space 642560K, 0% used [0x00000000d5580000,0x00000000d5580000,0x00000000fc900000)
  from space 7680K, 99% used [0x00000000ff880000,0x00000000ffffd028,0x0000000100000000)
  to   space 28160K, 0% used [0x00000000fc900000,0x00000000fc900000,0x00000000fe480000)
 ParOldGen       total 98304K, used 87894K [0x0000000080000000, 0x0000000086000000, 0x00000000d5580000)
  object space 98304K, 89% used [0x0000000080000000,0x00000000855d58d8,0x0000000086000000)
 Metaspace       used 83458K, capacity 87014K, committed 87320K, reserved 591872K
  class space    used 11278K, capacity 11992K, committed 12072K, reserved 516096K
}
Event: 80.696 GC heap before
{Heap before GC invocations=38 (full 4):
 PSYoungGen      total 650240K, used 7668K [0x00000000d5580000, 0x0000000100000000, 0x0000000100000000)
  eden space 642560K, 0% used [0x00000000d5580000,0x00000000d5580000,0x00000000fc900000)
  from space 7680K, 99% used [0x00000000ff880000,0x00000000ffffd028,0x0000000100000000)
  to   space 28160K, 0% used [0x00000000fc900000,0x00000000fc900000,0x00000000fe480000)
 ParOldGen       total 98304K, used 87894K [0x0000000080000000, 0x0000000086000000, 0x00000000d5580000)
  object space 98304K, 89% used [0x0000000080000000,0x00000000855d58d8,0x0000000086000000)
 Metaspace       used 83458K, capacity 87014K, committed 87320K, reserved 591872K
  class space    used 11278K, capacity 11992K, committed 12072K, reserved 516096K
Event: 81.573 GC heap after
Heap after GC invocations=38 (full 4):
 PSYoungGen      total 650240K, used 0K [0x00000000d5580000, 0x0000000100000000, 0x0000000100000000)
  eden space 642560K, 0% used [0x00000000d5580000,0x00000000d5580000,0x00000000fc900000)
  from space 7680K, 0% used [0x00000000ff880000,0x00000000ff880000,0x0000000100000000)
  to   space 28160K, 0% used [0x00000000fc900000,0x00000000fc900000,0x00000000fe480000)
 ParOldGen       total 183296K, used 72111K [0x0000000080000000, 0x000000008b300000, 0x00000000d5580000)
  object space 183296K, 39% used [0x0000000080000000,0x000000008466be98,0x000000008b300000)
 Metaspace       used 83458K, capacity 87014K, committed 87320K, reserved 591872K
  class space    used 11278K, capacity 11992K, committed 12072K, reserved 516096K
}

