Heap:
 PSYoungGen      total 352768K, used 39153K [0x00000000d5580000, 0x00000000f0900000, 0x0000000100000000)
  eden space 319488K, 12% used [0x00000000d5580000,0x00000000d7bbc538,0x00000000e8d80000)
  from space 33280K, 0% used [0x00000000e8d80000,0x00000000e8d80000,0x00000000eae00000)
  to   space 41984K, 0% used [0x00000000ee000000,0x00000000ee000000,0x00000000f0900000)
 ParOldGen       total 108032K, used 69791K [0x0000000080000000, 0x0000000086980000, 0x00000000d5580000)
  object space 108032K, 64% used [0x0000000080000000,0x0000000084427cd8,0x0000000086980000)
 Metaspace       used 96939K, capacity 100120K, committed 100608K, reserved 604160K
  class space    used 12629K, capacity 13264K, committed 13312K, reserved 516096K
GC Heap History (10 events):
Event: 78.127 GC heap before
{Heap before GC invocations=27 (full 3):
 PSYoungGen      total 303104K, used 9396K [0x00000000d5580000, 0x00000000e8d00000, 0x0000000100000000)
  eden space 289280K, 0% used [0x00000000d5580000,0x00000000d5580000,0x00000000e7000000)
  from space 13824K, 67% used [0x00000000e7e00000,0x00000000e872d1f0,0x00000000e8b80000)
  to   space 14336K, 0% used [0x00000000e7000000,0x00000000e7000000,0x00000000e7e00000)
 ParOldGen       total 78336K, used 31726K [0x0000000080000000, 0x0000000084c80000, 0x00000000d5580000)
  object space 78336K, 40% used [0x0000000080000000,0x0000000081efb828,0x0000000084c80000)
 Metaspace       used 56133K, capacity 58896K, committed 59136K, reserved 567296K
  class space    used 8131K, capacity 8685K, committed 8704K, reserved 516096K
Event: 78.318 GC heap after
Heap after GC invocations=27 (full 3):
 PSYoungGen      total 303104K, used 0K [0x00000000d5580000, 0x00000000e8d00000, 0x0000000100000000)
  eden space 289280K, 0% used [0x00000000d5580000,0x00000000d5580000,0x00000000e7000000)
  from space 13824K, 0% used [0x00000000e7e00000,0x00000000e7e00000,0x00000000e8b80000)
  to   space 14336K, 0% used [0x00000000e7000000,0x00000000e7000000,0x00000000e7e00000)
 ParOldGen       total 108032K, used 23941K [0x0000000080000000, 0x0000000086980000, 0x00000000d5580000)
  object space 108032K, 22% used [0x0000000080000000,0x0000000081761760,0x0000000086980000)
 Metaspace       used 56133K, capacity 58896K, committed 59136K, reserved 567296K
  class space    used 8131K, capacity 8685K, committed 8704K, reserved 516096K
}
Event: 83.422 GC heap before
{Heap before GC invocations=28 (full 3):
 PSYoungGen      total 303104K, used 289280K [0x00000000d5580000, 0x00000000e8d00000, 0x0000000100000000)
  eden space 289280K, 100% used [0x00000000d5580000,0x00000000e7000000,0x00000000e7000000)
  from space 13824K, 0% used [0x00000000e7e00000,0x00000000e7e00000,0x00000000e8b80000)
  to   space 14336K, 0% used [0x00000000e7000000,0x00000000e7000000,0x00000000e7e00000)
 ParOldGen       total 108032K, used 23941K [0x0000000080000000, 0x0000000086980000, 0x00000000d5580000)
  object space 108032K, 22% used [0x0000000080000000,0x0000000081761760,0x0000000086980000)
 Metaspace       used 67964K, capacity 70784K, committed 71168K, reserved 577536K
  class space    used 9393K, capacity 9965K, committed 9984K, reserved 516096K
Event: 83.512 GC heap after
Heap after GC invocations=28 (full 3):
 PSYoungGen      total 303616K, used 14335K [0x00000000d5580000, 0x00000000ec600000, 0x0000000100000000)
  eden space 289280K, 0% used [0x00000000d5580000,0x00000000d5580000,0x00000000e7000000)
  from space 14336K, 99% used [0x00000000e7000000,0x00000000e7dffca8,0x00000000e7e00000)
  to   space 24576K, 0% used [0x00000000eae00000,0x00000000eae00000,0x00000000ec600000)
 ParOldGen       total 108032K, used 46038K [0x0000000080000000, 0x0000000086980000, 0x00000000d5580000)
  object space 108032K, 42% used [0x0000000080000000,0x0000000082cf59f8,0x0000000086980000)
 Metaspace       used 67964K, capacity 70784K, committed 71168K, reserved 577536K
  class space    used 9393K, capacity 9965K, committed 9984K, reserved 516096K
}
Event: 87.785 GC heap before
{Heap before GC invocations=29 (full 3):
 PSYoungGen      total 303616K, used 303615K [0x00000000d5580000, 0x00000000ec600000, 0x0000000100000000)
  eden space 289280K, 100% used [0x00000000d5580000,0x00000000e7000000,0x00000000e7000000)
  from space 14336K, 99% used [0x00000000e7000000,0x00000000e7dffca8,0x00000000e7e00000)
  to   space 24576K, 0% used [0x00000000eae00000,0x00000000eae00000,0x00000000ec600000)
 ParOldGen       total 108032K, used 46038K [0x0000000080000000, 0x0000000086980000, 0x00000000d5580000)
  object space 108032K, 42% used [0x0000000080000000,0x0000000082cf59f8,0x0000000086980000)
 Metaspace       used 81222K, capacity 84330K, committed 84864K, reserved 589824K
  class space    used 10955K, capacity 11584K, committed 11648K, reserved 516096K
Event: 87.833 GC heap after
Heap after GC invocations=29 (full 3):
 PSYoungGen      total 344064K, used 24557K [0x00000000d5580000, 0x00000000ed700000, 0x0000000100000000)
  eden space 319488K, 0% used [0x00000000d5580000,0x00000000d5580000,0x00000000e8d80000)
  from space 24576K, 99% used [0x00000000eae00000,0x00000000ec5fb738,0x00000000ec600000)
  to   space 33280K, 0% used [0x00000000e8d80000,0x00000000e8d80000,0x00000000eae00000)
 ParOldGen       total 108032K, used 59275K [0x0000000080000000, 0x0000000086980000, 0x00000000d5580000)
  object space 108032K, 54% used [0x0000000080000000,0x00000000839e2d20,0x0000000086980000)
 Metaspace       used 81222K, capacity 84330K, committed 84864K, reserved 589824K
  class space    used 10955K, capacity 11584K, committed 11648K, reserved 516096K
}
Event: 91.803 GC heap before
{Heap before GC invocations=30 (full 3):
 PSYoungGen      total 344064K, used 240095K [0x00000000d5580000, 0x00000000ed700000, 0x0000000100000000)
  eden space 319488K, 67% used [0x00000000d5580000,0x00000000e27fc590,0x00000000e8d80000)
  from space 24576K, 99% used [0x00000000eae00000,0x00000000ec5fb738,0x00000000ec600000)
  to   space 33280K, 0% used [0x00000000e8d80000,0x00000000e8d80000,0x00000000eae00000)
 ParOldGen       total 108032K, used 59275K [0x0000000080000000, 0x0000000086980000, 0x00000000d5580000)
  object space 108032K, 54% used [0x0000000080000000,0x00000000839e2d20,0x0000000086980000)
 Metaspace       used 95066K, capacity 98176K, committed 98560K, reserved 602112K
  class space    used 12404K, capacity 13037K, committed 13056K, reserved 516096K
Event: 91.846 GC heap after
Heap after GC invocations=30 (full 3):
 PSYoungGen      total 352768K, used 33278K [0x00000000d5580000, 0x00000000f0900000, 0x0000000100000000)
  eden space 319488K, 0% used [0x00000000d5580000,0x00000000d5580000,0x00000000e8d80000)
  from space 33280K, 99% used [0x00000000e8d80000,0x00000000eadffbb0,0x00000000eae00000)
  to   space 41984K, 0% used [0x00000000ee000000,0x00000000ee000000,0x00000000f0900000)
 ParOldGen       total 108032K, used 67035K [0x0000000080000000, 0x0000000086980000, 0x00000000d5580000)
  object space 108032K, 62% used [0x0000000080000000,0x0000000084176f60,0x0000000086980000)
 Metaspace       used 95066K, capacity 98176K, committed 98560K, reserved 602112K
  class space    used 12404K, capacity 13037K, committed 13056K, reserved 516096K
}
Event: 91.846 GC heap before
{Heap before GC invocations=31 (full 4):
 PSYoungGen      total 352768K, used 33278K [0x00000000d5580000, 0x00000000f0900000, 0x0000000100000000)
  eden space 319488K, 0% used [0x00000000d5580000,0x00000000d5580000,0x00000000e8d80000)
  from space 33280K, 99% used [0x00000000e8d80000,0x00000000eadffbb0,0x00000000eae00000)
  to   space 41984K, 0% used [0x00000000ee000000,0x00000000ee000000,0x00000000f0900000)
 ParOldGen       total 108032K, used 67035K [0x0000000080000000, 0x0000000086980000, 0x00000000d5580000)
  object space 108032K, 62% used [0x0000000080000000,0x0000000084176f60,0x0000000086980000)
 Metaspace       used 95066K, capacity 98176K, committed 98560K, reserved 602112K
  class space    used 12404K, capacity 13037K, committed 13056K, reserved 516096K
Event: 92.205 GC heap after
Heap after GC invocations=31 (full 4):
 PSYoungGen      total 352768K, used 0K [0x00000000d5580000, 0x00000000f0900000, 0x0000000100000000)
  eden space 319488K, 0% used [0x00000000d5580000,0x00000000d5580000,0x00000000e8d80000)
  from space 33280K, 0% used [0x00000000e8d80000,0x00000000e8d80000,0x00000000eae00000)
  to   space 41984K, 0% used [0x00000000ee000000,0x00000000ee000000,0x00000000f0900000)
 ParOldGen       total 108032K, used 69791K [0x0000000080000000, 0x0000000086980000, 0x00000000d5580000)
  object space 108032K, 64% used [0x0000000080000000,0x0000000084427cd8,0x0000000086980000)
 Metaspace       used 95066K, capacity 98176K, committed 98560K, reserved 602112K
  class space    used 12404K, capacity 13037K, committed 13056K, reserved 516096K
}

